<?xml version="1.0" encoding="UTF-8"?>
<!-- Generated by org.testng.reporters.JUnitReportReporter -->
<testsuite hostname="DESKTOP-G7VIM54" failures="0" tests="1" name="com.TestCases.TC_1LoginFunction" time="9.684" errors="0" timestamp="20 Sep 2021 13:06:19 GMT" skipped="0">
  <testcase classname="com.TestCases.TC_1LoginFunction" name="tc_1" time="9.684"/>
</testsuite> <!-- com.TestCases.TC_1LoginFunction -->
